<?xml version="1.0" encoding="UTF-8"?>
<!-- Generated by org.testng.reporters.JUnitReportReporter -->
<testsuite skipped="0" hostname="DESKTOP-N1AL3ED" name="com.actitime.timetrack.Demo" tests="1" failures="0" timestamp="2020-08-06T10:57:09 IST" time="0.034" errors="0">
  <testcase name="runTest" time="0.034" classname="com.actitime.timetrack.Demo"/>
  <system-out>
successfully running successfully running successfully running  </system-out>
</testsuite> <!-- com.actitime.timetrack.Demo -->
